  controls.cpp
  controlsForFOV.cpp
d:\github\dj_ct\demo\controlsforfov.cpp(61): warning C4244: '*=': conversion from 'double' to 'T', possible loss of data
          with
          [
              T=float
          ]
d:\github\dj_ct\demo\controlsforfov.cpp(62): warning C4244: '*=': conversion from 'double' to 'T', possible loss of data
          with
          [
              T=float
          ]
d:\github\dj_ct\demo\controlsforfov.cpp(63): warning C4244: '*=': conversion from 'double' to 'T', possible loss of data
          with
          [
              T=float
          ]
d:\github\dj_ct\demo\controlsforfov.cpp(64): warning C4244: '*=': conversion from 'double' to 'T', possible loss of data
          with
          [
              T=float
          ]
d:\github\dj_ct\demo\controlsforfov.cpp(65): warning C4244: '*=': conversion from 'double' to 'T', possible loss of data
          with
          [
              T=float
          ]
d:\github\dj_ct\demo\controlsforfov.cpp(66): warning C4244: '*=': conversion from 'double' to 'T', possible loss of data
          with
          [
              T=float
          ]
  demo.cpp
d:\github\dj_ct\demo\demo.cpp(231): warning C4244: 'initializing': conversion from 'float' to 'int', possible loss of data
d:\github\dj_ct\demo\demo.cpp(412): warning C4267: 'argument': conversion from 'size_t' to 'GLsizei', possible loss of data
d:\github\dj_ct\demo\demo.cpp(455): warning C4267: 'argument': conversion from 'size_t' to 'GLsizei', possible loss of data
d:\github\dj_ct\demo\demo.cpp(498): warning C4267: 'argument': conversion from 'size_t' to 'GLsizei', possible loss of data
d:\github\dj_ct\demo\demo.cpp(624): warning C4267: 'argument': conversion from 'size_t' to 'GLsizei', possible loss of data
  dcmToModel.cpp
d:\github\dj_ct\demo\dualmc.hpp(144): warning C4267: 'initializing': conversion from 'size_t' to 'int32_t', possible loss of data
d:\github\dj_ct\demo\dualmc.hpp(222): warning C4244: '=': conversion from 'const int32_t' to 'float', possible loss of data
d:\github\dj_ct\demo\dualmc.hpp(223): warning C4244: '=': conversion from 'const int32_t' to 'float', possible loss of data
d:\github\dj_ct\demo\dualmc.hpp(224): warning C4244: '=': conversion from 'const int32_t' to 'float', possible loss of data
d:\github\dj_ct\demo\dcmtomodel.cpp(82): warning C4244: 'initializing': conversion from 'float' to 'int', possible loss of data
  getImageData.cpp
d:\github\dj_ct\demo\getimagedata.cpp(44): warning C4018: '<': signed/unsigned mismatch
d:\github\dj_ct\demo\getimagedata.cpp(46): warning C4018: '<': signed/unsigned mismatch
d:\github\dj_ct\demo\getimagedata.cpp(48): warning C4018: '<': signed/unsigned mismatch
d:\github\dj_ct\demo\getimagedata.cpp(70): warning C4018: '<': signed/unsigned mismatch
d:\github\dj_ct\demo\getimagedata.cpp(72): warning C4018: '<': signed/unsigned mismatch
d:\github\dj_ct\demo\getimagedata.cpp(74): warning C4018: '<': signed/unsigned mismatch
d:\github\dj_ct\demo\getimagedata.cpp(95): warning C4018: '<': signed/unsigned mismatch
d:\github\dj_ct\demo\getimagedata.cpp(98): warning C4018: '>=': signed/unsigned mismatch
  getNormals.cpp
  getUVs.cpp
  shader.cpp
  texture.cpp
  Generating Code...
LINK : warning LNK4098: defaultlib 'LIBCMT' conflicts with use of other libs; use /NODEFAULTLIB:library
shader.obj : warning LNK4049: locally defined symbol __glewAttachShader imported
shader.obj : warning LNK4049: locally defined symbol __glewCompileShader imported
shader.obj : warning LNK4049: locally defined symbol __glewCreateProgram imported
shader.obj : warning LNK4049: locally defined symbol __glewCreateShader imported
shader.obj : warning LNK4049: locally defined symbol __glewDeleteShader imported
shader.obj : warning LNK4049: locally defined symbol __glewDetachShader imported
shader.obj : warning LNK4049: locally defined symbol __glewGetProgramInfoLog imported
shader.obj : warning LNK4049: locally defined symbol __glewGetProgramiv imported
shader.obj : warning LNK4049: locally defined symbol __glewGetShaderInfoLog imported
shader.obj : warning LNK4049: locally defined symbol __glewGetShaderiv imported
shader.obj : warning LNK4049: locally defined symbol __glewLinkProgram imported
shader.obj : warning LNK4049: locally defined symbol __glewShaderSource imported
texture.obj : warning LNK4049: locally defined symbol __glewCompressedTexImage2D imported
texture.obj : warning LNK4049: locally defined symbol __glewGenerateMipmap imported
glew32s.lib(glew.obj) : warning LNK4099: PDB 'glew_static.pdb' was not found with 'glew32s.lib(glew.obj)' or at 'D:\GitHub\DJ_CT\x64\Debug\glew_static.pdb'; linking object as if no debug info
  demo.vcxproj -> D:\GitHub\DJ_CT\x64\Debug\demo.exe
